Using pre-set license

 COMMAND LINE ARGUMENTS:
/Applications/Unity/Hub/Editor/2020.3.2f1/Unity.app/Contents/MacOS/Unity
-adb2
-batchMode
-noUpm
-name
AssetImportWorker0
-projectPath
/Volumes/Sin título/MASTER/2D PROGRAMMING/PEC2/PEC2
-logFile
Logs/AssetImportWorker0.log
-srvPort
49466
Successfully changed project path to: /Volumes/Sin título/MASTER/2D PROGRAMMING/PEC2/PEC2
/Volumes/Sin título/MASTER/2D PROGRAMMING/PEC2/PEC2
Using Asset Import Pipeline V2.
Refreshing native plugins compatible for Editor in 71.66 ms, found 2 plugins.
Preloading 0 native plugins for Editor in 0.00 ms.
Initialize engine version: 2020.3.2f1 (8fd9074bf66c)
[Subsystems] Discovering subsystems at path /Applications/Unity/Hub/Editor/2020.3.2f1/Unity.app/Contents/Resources/UnitySubsystems
[Subsystems] Discovering subsystems at path /Volumes/Sin título/MASTER/2D PROGRAMMING/PEC2/PEC2/Assets
GfxDevice: creating device client; threaded=0
2021-04-18 21:23:13.082 Unity[708:14543] Color LCD preferred device: Intel HD Graphics 4000 (low power)
2021-04-18 21:23:13.082 Unity[708:14543] Metal devices available: 1
2021-04-18 21:23:13.082 Unity[708:14543] 0: Intel HD Graphics 4000 (low power)
2021-04-18 21:23:13.086 Unity[708:14543] Using device Intel HD Graphics 4000 (low power)
Initializing Metal device caps: Intel HD Graphics 4000
Initialize mono
Mono path[0] = '/Applications/Unity/Hub/Editor/2020.3.2f1/Unity.app/Contents/Managed'
Mono path[1] = '/Applications/Unity/Hub/Editor/2020.3.2f1/Unity.app/Contents/MonoBleedingEdge/lib/mono/unityjit'
Mono config path = '/Applications/Unity/Hub/Editor/2020.3.2f1/Unity.app/Contents/MonoBleedingEdge/etc'
Using monoOptions --debugger-agent=transport=dt_socket,embedding=1,server=y,suspend=n,address=127.0.0.1:56708
Begin MonoManager ReloadAssembly
Registering precompiled unity dll's ...
Register platform support module: /Applications/Unity/Hub/Editor/2020.3.2f1/PlaybackEngines/WebGLSupport/UnityEditor.WebGL.Extensions.dll
Register platform support module: /Applications/Unity/Hub/Editor/2020.3.2f1/Unity.app/Contents/PlaybackEngines/MacStandaloneSupport/UnityEditor.OSXStandalone.Extensions.dll
Register platform support module: /Applications/Unity/Hub/Editor/2020.3.2f1/PlaybackEngines/WindowsStandaloneSupport/UnityEditor.WindowsStandalone.Extensions.dll
Registered in 0.000971 seconds.
Native extension for WindowsStandalone target not found
Native extension for OSXStandalone target not found
Native extension for WebGL target not found
Refreshing native plugins compatible for Editor in 68.64 ms, found 2 plugins.
Preloading 0 native plugins for Editor in 0.00 ms.
Invoked RoslynAnalysisRunner static constructor.
RoslynAnalysisRunner will not be running.
RoslynAnalysisRunner has terminated.
Mono: successfully reloaded assembly
- Completed reload, in  2.823 seconds
Platform modules already initialized, skipping
Registering precompiled user dll's ...
Registered in 0.000766 seconds.
Begin MonoManager ReloadAssembly
Native extension for WindowsStandalone target not found
Native extension for OSXStandalone target not found
Native extension for WebGL target not found
Refreshing native plugins compatible for Editor in 68.42 ms, found 2 plugins.
Preloading 0 native plugins for Editor in 0.00 ms.
Invoked RoslynAnalysisRunner static constructor.
RoslynAnalysisRunner will not be running.
RoslynAnalysisRunner has terminated.
Mono: successfully reloaded assembly
- Completed reload, in  1.860 seconds
Platform modules already initialized, skipping
========================================================================
Worker process is ready to serve import requests
Launching external process: /Applications/Unity/Hub/Editor/2020.3.2f1/Unity.app/Contents/Tools/UnityShaderCompiler
Launched and connected shader compiler UnityShaderCompiler after 0.02 seconds
Refreshing native plugins compatible for Editor in 0.52 ms, found 2 plugins.
Preloading 0 native plugins for Editor in 0.00 ms.
Unloading 1857 Unused Serialized files (Serialized files now loaded: 0)
System memory in use before: 149.9 MB.
System memory in use after: 150.0 MB.

Unloading 19 unused Assets to reduce memory usage. Loaded Objects now: 2308.
Total: 2.891673 ms (FindLiveObjects: 0.295395 ms CreateObjectMapping: 0.082138 ms MarkObjects: 2.359201 ms  DeleteObjects: 0.107506 ms)

========================================================================
Received Import Request.
  path: Assets/Animations/PlayerAnims/Player.controller
  artifactKey: Guid(c21c518f0244b784d9bf8b74d30ced86) Importer(815301076,1909f56bfc062723c751e8b465ee728b)
Start importing Assets/Animations/PlayerAnims/Player.controller using Guid(c21c518f0244b784d9bf8b74d30ced86) Importer(815301076,1909f56bfc062723c751e8b465ee728b)  -> (artifact id: '37d2a8f97cfabf86634bea900bfc3cbf') in 0.426086 seconds
  Import took 0.431203 seconds .

